[2017-11-28 12:23:09.533] [jointLog] [info] parsing read library format
[2017-11-28 12:23:09.533] [jointLog] [info] There is 1 library.
[2017-11-28 12:23:09.595] [jointLog] [info] Loading Quasi index
[2017-11-28 12:23:09.596] [jointLog] [info] Loading 32-bit quasi index
[2017-11-28 12:24:01.403] [jointLog] [info] done
[2017-11-28 12:24:01.403] [jointLog] [info] Index contained 612953 targets
[2017-11-28 12:24:28.233] [jointLog] [info] Computed 140830 rich equivalence classes for further processing
[2017-11-28 12:24:28.233] [jointLog] [info] Counted 1133432 total reads in the equivalence classes 
[2017-11-28 12:24:28.297] [jointLog] [warning] Only 1133432 fragments were mapped, but the number of burn-in fragments was set to 5000000.
The effective lengths have been computed using the observed mappings.

[2017-11-28 12:24:28.297] [jointLog] [info] Mapping rate = 58.0101%

[2017-11-28 12:24:28.297] [jointLog] [info] finished quantifyLibrary()
[2017-11-28 12:24:28.301] [jointLog] [info] Starting optimizer
[2017-11-28 12:24:28.236] [fileLog] [info] 
At end of round 0
==================
Observed 1953853 total fragments (1953853 in most recent round)

[2017-11-28 12:24:28.568] [jointLog] [info] Marked 0 weighted equivalence classes as degenerate
[2017-11-28 12:24:28.587] [jointLog] [info] iteration = 0 | max rel diff. = 0.990206
[2017-11-28 12:24:29.802] [jointLog] [info] iteration = 100 | max rel diff. = 0.101043
[2017-11-28 12:24:30.938] [jointLog] [info] iteration = 200 | max rel diff. = 0.0472874
[2017-11-28 12:24:32.060] [jointLog] [info] iteration = 300 | max rel diff. = 0.0334678
[2017-11-28 12:24:33.195] [jointLog] [info] iteration = 400 | max rel diff. = 0.0250416
[2017-11-28 12:24:34.305] [jointLog] [info] iteration = 500 | max rel diff. = 0.024395
[2017-11-28 12:24:35.391] [jointLog] [info] iteration = 600 | max rel diff. = 0.0161699
[2017-11-28 12:24:36.501] [jointLog] [info] iteration = 700 | max rel diff. = 0.0154684
[2017-11-28 12:24:37.612] [jointLog] [info] iteration = 800 | max rel diff. = 0.0135789
[2017-11-28 12:24:38.695] [jointLog] [info] iteration = 900 | max rel diff. = 0.0109015
[2017-11-28 12:24:39.243] [jointLog] [info] iteration = 950 | max rel diff. = 0.00968966
[2017-11-28 12:24:39.265] [jointLog] [info] Finished optimizer
[2017-11-28 12:24:39.265] [jointLog] [info] writing output 

[2017-11-28 12:24:40.722] [jointLog] [warning] NOTE: Read Lib [( /share/malooflab/Hajar/process.fastq/unmapped.paired_1_S195_L005_1.fq.gz, /share/malooflab/Hajar/process.fastq/unmapped.paired_1_S195_L005_2.fq.gz )] :

Detected a *potential* strand bias > 1% in an unstranded protocol check the file: /share/malooflab/Hajar/process.fastq/unmapped.paired_1_S195_L005quant/lib_format_counts.json for details

