[2017-11-28 12:23:09.325] [jointLog] [info] parsing read library format
[2017-11-28 12:23:09.325] [jointLog] [info] There is 1 library.
[2017-11-28 12:23:09.380] [jointLog] [info] Loading Quasi index
[2017-11-28 12:23:09.380] [jointLog] [info] Loading 32-bit quasi index
[2017-11-28 12:23:23.302] [jointLog] [info] done
[2017-11-28 12:23:23.302] [jointLog] [info] Index contained 612953 targets
[2017-11-28 12:26:33.052] [fileLog] [info] 
At end of round 0
==================
Observed 21720594 total fragments (21720594 in most recent round)

[2017-11-28 12:26:33.050] [jointLog] [info] Computed 364486 rich equivalence classes for further processing
[2017-11-28 12:26:33.050] [jointLog] [info] Counted 16237700 total reads in the equivalence classes 
[2017-11-28 12:26:33.070] [jointLog] [info] Mapping rate = 74.7572%

[2017-11-28 12:26:33.070] [jointLog] [info] finished quantifyLibrary()
[2017-11-28 12:26:33.073] [jointLog] [info] Starting optimizer
[2017-11-28 12:26:33.421] [jointLog] [info] Marked 0 weighted equivalence classes as degenerate
[2017-11-28 12:26:33.450] [jointLog] [info] iteration = 0 | max rel diff. = 6.72205
[2017-11-28 12:26:35.764] [jointLog] [info] iteration = 100 | max rel diff. = 0.247915
[2017-11-28 12:26:38.051] [jointLog] [info] iteration = 200 | max rel diff. = 0.0594228
[2017-11-28 12:26:40.336] [jointLog] [info] iteration = 300 | max rel diff. = 0.0383341
[2017-11-28 12:26:42.608] [jointLog] [info] iteration = 400 | max rel diff. = 0.0263175
[2017-11-28 12:26:44.880] [jointLog] [info] iteration = 500 | max rel diff. = 0.0216159
[2017-11-28 12:26:47.200] [jointLog] [info] iteration = 600 | max rel diff. = 0.0226227
[2017-11-28 12:26:49.483] [jointLog] [info] iteration = 700 | max rel diff. = 0.0179626
[2017-11-28 12:26:51.837] [jointLog] [info] iteration = 800 | max rel diff. = 0.0148592
[2017-11-28 12:26:54.314] [jointLog] [info] iteration = 900 | max rel diff. = 0.0148592
[2017-11-28 12:26:56.733] [jointLog] [info] iteration = 1000 | max rel diff. = 0.0126816
[2017-11-28 12:26:59.149] [jointLog] [info] iteration = 1100 | max rel diff. = 0.0107895
[2017-11-28 12:27:00.706] [jointLog] [info] iteration = 1166 | max rel diff. = 0.00966363
[2017-11-28 12:27:00.732] [jointLog] [info] Finished optimizer
[2017-11-28 12:27:00.732] [jointLog] [info] writing output 

